<?xml version="1.0" encoding="UTF-8"?>
<!-- Generated by org.testng.reporters.JUnitReportReporter -->
<testsuite hostname="LAPTOP-HGO69DMD" failures="0" tests="6" name="api.tests.DataDriven" time="8.666" errors="0" timestamp="2024-11-27T17:11:16 IST" skipped="0">
  <testcase classname="api.tests.DataDriven" name="testPostuser" time="1.053"/>
  <system-out/>
  <testcase classname="api.tests.DataDriven" name="testPostuser" time="3.408"/>
  <system-out/>
  <testcase classname="api.tests.DataDriven" name="testPostuser" time="1.046"/>
  <system-out/>
  <testcase classname="api.tests.DataDriven" name="testDeleteUserByName" time="1.022"/>
  <system-out/>
  <testcase classname="api.tests.DataDriven" name="testDeleteUserByName" time="1.077"/>
  <system-out/>
  <testcase classname="api.tests.DataDriven" name="testDeleteUserByName" time="1.060"/>
  <system-out/>
</testsuite> <!-- api.tests.DataDriven -->
