<?xml version="1.0" encoding="UTF-8"?>
<!-- Generated by org.testng.reporters.JUnitReportReporter -->
<testsuite hostname="LAPTOP-HGO69DMD" failures="0" tests="4" name="api.tests.UserTests" time="7.329" errors="0" timestamp="2024-11-27T17:45:15 IST" skipped="0">
  <testcase classname="api.tests.UserTests" name="testPostUser" time="3.093"/>
  <system-out/>
  <testcase classname="api.tests.UserTests" name="testgetuser" time="1.076"/>
  <system-out/>
  <testcase classname="api.tests.UserTests" name="testupdateuser" time="2.095"/>
  <system-out/>
  <testcase classname="api.tests.UserTests" name="testdeleteuser" time="1.065"/>
  <system-out/>
</testsuite> <!-- api.tests.UserTests -->
