<?xml version="1.0" encoding="UTF-8"?>
<!-- Generated by org.testng.reporters.JUnitReportReporter -->
<testsuite hostname="LAPTOP-HGO69DMD" failures="0" tests="4" name="api.tests.UserTests" time="7.159" errors="0" timestamp="2024-11-27T18:10:11 IST" skipped="0">
  <testcase classname="api.tests.UserTests" name="testPostUser" time="2.956"/>
  <system-out/>
  <testcase classname="api.tests.UserTests" name="testgetuser" time="1.084"/>
  <system-out/>
  <testcase classname="api.tests.UserTests" name="testupdateuser" time="2.083"/>
  <system-out/>
  <testcase classname="api.tests.UserTests" name="testdeleteuser" time="1.036"/>
  <system-out/>
</testsuite> <!-- api.tests.UserTests -->
